[INFO] Scanning for projects...
[INFO] 
[INFO] --------------------------< com.example:demo >--------------------------
[INFO] Building agriconnect-backend 0.0.1-SNAPSHOT
[INFO]   from pom.xml
[INFO] --------------------------------[ jar ]---------------------------------
[INFO] 
[INFO] >>> spring-boot:4.0.5:run (default-cli) > test-compile @ demo >>>
[INFO] 
[INFO] --- resources:3.3.1:resources (default-resources) @ demo ---
[INFO] Copying 1 resource from src\main\resources to target\classes
[INFO] Copying 0 resource from src\main\resources to target\classes
[INFO] 
[INFO] --- compiler:3.14.1:compile (default-compile) @ demo ---
[INFO] Nothing to compile - all classes are up to date.
[INFO] 
[INFO] --- resources:3.3.1:testResources (default-testResources) @ demo ---
[INFO] skip non existing resourceDirectory C:\Users\hp\Downloads\fsad\agriconnect-backend\src\test\resources
[INFO] 
[INFO] --- compiler:3.14.1:testCompile (default-testCompile) @ demo ---
[INFO] Nothing to compile - all classes are up to date.
[INFO] 
[INFO] <<< spring-boot:4.0.5:run (default-cli) < test-compile @ demo <<<
[INFO] 
[INFO] 
[INFO] --- spring-boot:4.0.5:run (default-cli) @ demo ---
[INFO] Attaching agents: []

  .   ____          _            __ _ _
 /\\ / ___'_ __ _ _(_)_ __  __ _ \ \ \ \
( ( )\___ | '_ | '_| | '_ \/ _` | \ \ \ \
 \\/  ___)| |_)| | | | | || (_| |  ) ) ) )
  '  |____| .__|_| |_|_| |_\__, | / / / /
 =========|_|==============|___/=/_/_/_/

 :: Spring Boot ::                (v4.0.5)

2026-04-07T13:35:37.881+05:30  INFO 16988 --- [agriconnect-backend] [           main] c.a.AgriconnectBackendApplication        : Starting AgriconnectBackendApplication using Java 25.0.2 with PID 16988 (C:\Users\hp\Downloads\fsad\agriconnect-backend\target\classes started by hp in C:\Users\hp\Downloads\fsad\agriconnect-backend)
2026-04-07T13:35:37.882+05:30  INFO 16988 --- [agriconnect-backend] [           main] c.a.AgriconnectBackendApplication        : No active profile set, falling back to 1 default profile: "default"
2026-04-07T13:35:38.323+05:30  INFO 16988 --- [agriconnect-backend] [           main] .s.d.r.c.RepositoryConfigurationDelegate : Bootstrapping Spring Data JPA repositories in DEFAULT mode.
2026-04-07T13:35:38.374+05:30  INFO 16988 --- [agriconnect-backend] [           main] .s.d.r.c.RepositoryConfigurationDelegate : Finished Spring Data repository scanning in 43 ms. Found 7 JPA repository interfaces.
2026-04-07T13:35:38.707+05:30  INFO 16988 --- [agriconnect-backend] [           main] o.s.boot.tomcat.TomcatWebServer          : Tomcat initialized with port 8080 (http)
2026-04-07T13:35:38.720+05:30  INFO 16988 --- [agriconnect-backend] [           main] o.apache.catalina.core.StandardService   : Starting service [Tomcat]
2026-04-07T13:35:38.720+05:30  INFO 16988 --- [agriconnect-backend] [           main] o.apache.catalina.core.StandardEngine    : Starting Servlet engine: [Apache Tomcat/11.0.20]
2026-04-07T13:35:38.762+05:30  INFO 16988 --- [agriconnect-backend] [           main] b.w.c.s.WebApplicationContextInitializer : Root WebApplicationContext: initialization completed in 832 ms
2026-04-07T13:35:38.874+05:30  INFO 16988 --- [agriconnect-backend] [           main] org.hibernate.orm.jpa                    : HHH008540: Processing PersistenceUnitInfo [name: default]
2026-04-07T13:35:38.911+05:30  INFO 16988 --- [agriconnect-backend] [           main] org.hibernate.orm.core                   : HHH000001: Hibernate ORM core version 7.2.7.Final
2026-04-07T13:35:38.949+05:30 DEBUG 16988 --- [agriconnect-backend] [           main] org.hibernate.orm.core                   : HHH000206: 'hibernate.properties' not found
2026-04-07T13:35:39.301+05:30  INFO 16988 --- [agriconnect-backend] [           main] o.s.o.j.p.SpringPersistenceUnitInfo      : No LoadTimeWeaver setup: ignoring JPA class transformer
2026-04-07T13:35:39.321+05:30  INFO 16988 --- [agriconnect-backend] [           main] com.zaxxer.hikari.HikariDataSource       : HikariPool-1 - Starting...
2026-04-07T13:35:39.432+05:30  INFO 16988 --- [agriconnect-backend] [           main] com.zaxxer.hikari.pool.HikariPool        : HikariPool-1 - Added connection conn0: url=jdbc:h2:mem:agriconnectdb user=SA
2026-04-07T13:35:39.434+05:30  INFO 16988 --- [agriconnect-backend] [           main] com.zaxxer.hikari.HikariDataSource       : HikariPool-1 - Start completed.
2026-04-07T13:35:39.471+05:30  INFO 16988 --- [agriconnect-backend] [           main] org.hibernate.orm.connections.pooling    : HHH10001005: Database info:
	Database JDBC URL [jdbc:h2:mem:agriconnectdb]
	Database driver: H2 JDBC Driver
	Database dialect: H2Dialect
	Database version: 2.4.240
	Default catalog/schema: AGRICONNECTDB/PUBLIC
	Autocommit mode: undefined/unknown
	Isolation level: READ_COMMITTED [default READ_COMMITTED]
	JDBC fetch size: 100
	Pool: DataSourceConnectionProvider
	Minimum pool size: undefined/unknown
	Maximum pool size: undefined/unknown
2026-04-07T13:35:39.961+05:30 DEBUG 16988 --- [agriconnect-backend] [           main] org.hibernate.orm.core                   : HHH000513: Unable to create the ReflectionOptimizer for [com.agriconnect.model.Farmer]: private accessor [contactInfo]
2026-04-07T13:35:39.975+05:30 DEBUG 16988 --- [agriconnect-backend] [           main] org.hibernate.orm.core                   : HHH000513: Unable to create the ReflectionOptimizer for [com.agriconnect.model.Product]: private accessor [farmerName]
2026-04-07T13:35:39.981+05:30 DEBUG 16988 --- [agriconnect-backend] [           main] org.hibernate.orm.core                   : HHH000513: Unable to create the ReflectionOptimizer for [com.agriconnect.model.Scheme]: private accessor [benefits]
2026-04-07T13:35:39.987+05:30 DEBUG 16988 --- [agriconnect-backend] [           main] org.hibernate.orm.core                   : HHH000513: Unable to create the ReflectionOptimizer for [com.agriconnect.model.User]: private accessor [password]
2026-04-07T13:35:39.994+05:30 DEBUG 16988 --- [agriconnect-backend] [           main] org.hibernate.orm.core                   : HHH000513: Unable to create the ReflectionOptimizer for [com.agriconnect.model.Order]: private accessor [buyer]
2026-04-07T13:35:40.001+05:30 DEBUG 16988 --- [agriconnect-backend] [           main] org.hibernate.orm.core                   : HHH000513: Unable to create the ReflectionOptimizer for [com.agriconnect.model.FarmingExpert]: private accessor [bio]
2026-04-07T13:35:40.006+05:30 DEBUG 16988 --- [agriconnect-backend] [           main] org.hibernate.orm.core                   : HHH000513: Unable to create the ReflectionOptimizer for [com.agriconnect.model.Suggestion]: private accessor [authorRole]
2026-04-07T13:35:40.131+05:30  INFO 16988 --- [agriconnect-backend] [           main] org.hibernate.orm.core                   : HHH000489: No JTA platform available (set 'hibernate.transaction.jta.platform' to enable JTA platform integration)
2026-04-07T13:35:40.169+05:30 DEBUG 16988 --- [agriconnect-backend] [           main] org.hibernate.SQL                        : create table app_orders (id bigint generated by default as identity, quantity integer not null, status varchar(255), total_price float(53) not null, buyer_id bigint, product_id bigint, primary key (id))
Hibernate: create table app_orders (id bigint generated by default as identity, quantity integer not null, status varchar(255), total_price float(53) not null, buyer_id bigint, product_id bigint, primary key (id))
2026-04-07T13:35:40.176+05:30 DEBUG 16988 --- [agriconnect-backend] [           main] org.hibernate.SQL                        : create table app_users (id bigint generated by default as identity, password varchar(255) not null, role varchar(255) not null, username varchar(255) not null, primary key (id))
Hibernate: create table app_users (id bigint generated by default as identity, password varchar(255) not null, role varchar(255) not null, username varchar(255) not null, primary key (id))
2026-04-07T13:35:40.178+05:30 DEBUG 16988 --- [agriconnect-backend] [           main] org.hibernate.SQL                        : create table farmers (id bigint generated by default as identity, contact_info varchar(255), farm_location varchar(255), user_id bigint, primary key (id))
Hibernate: create table farmers (id bigint generated by default as identity, contact_info varchar(255), farm_location varchar(255), user_id bigint, primary key (id))
2026-04-07T13:35:40.179+05:30 DEBUG 16988 --- [agriconnect-backend] [           main] org.hibernate.SQL                        : create table farming_experts (id bigint generated by default as identity, bio varchar(1000), field_of_expertise varchar(255), qualification varchar(255), user_id bigint, primary key (id))
Hibernate: create table farming_experts (id bigint generated by default as identity, bio varchar(1000), field_of_expertise varchar(255), qualification varchar(255), user_id bigint, primary key (id))
2026-04-07T13:35:40.180+05:30 DEBUG 16988 --- [agriconnect-backend] [           main] org.hibernate.SQL                        : create table product (id bigint generated by default as identity, farmer_name varchar(255), name varchar(255), price float(53) not null, quantity integer not null, primary key (id))
Hibernate: create table product (id bigint generated by default as identity, farmer_name varchar(255), name varchar(255), price float(53) not null, quantity integer not null, primary key (id))
2026-04-07T13:35:40.181+05:30 DEBUG 16988 --- [agriconnect-backend] [           main] org.hibernate.SQL                        : create table schemes (id bigint generated by default as identity, benefits varchar(255), description varchar(1000), link varchar(255), name varchar(255) not null, primary key (id))
Hibernate: create table schemes (id bigint generated by default as identity, benefits varchar(255), description varchar(1000), link varchar(255), name varchar(255) not null, primary key (id))
2026-04-07T13:35:40.182+05:30 DEBUG 16988 --- [agriconnect-backend] [           main] org.hibernate.SQL                        : create table suggestions (id bigint generated by default as identity, author_role varchar(255), message varchar(1000) not null, primary key (id))
Hibernate: create table suggestions (id bigint generated by default as identity, author_role varchar(255), message varchar(1000) not null, primary key (id))
2026-04-07T13:35:40.183+05:30 DEBUG 16988 --- [agriconnect-backend] [           main] org.hibernate.SQL                        : alter table if exists app_users drop constraint if exists UKspsnwr241e9k9c8p5xl4k45ih
Hibernate: alter table if exists app_users drop constraint if exists UKspsnwr241e9k9c8p5xl4k45ih
2026-04-07T13:35:40.184+05:30 DEBUG 16988 --- [agriconnect-backend] [           main] org.hibernate.SQL                        : alter table if exists app_users add constraint UKspsnwr241e9k9c8p5xl4k45ih unique (username)
Hibernate: alter table if exists app_users add constraint UKspsnwr241e9k9c8p5xl4k45ih unique (username)
2026-04-07T13:35:40.185+05:30 DEBUG 16988 --- [agriconnect-backend] [           main] org.hibernate.SQL                        : alter table if exists farmers drop constraint if exists UK5s6dxfdngshokstkf5s8s68gg
Hibernate: alter table if exists farmers drop constraint if exists UK5s6dxfdngshokstkf5s8s68gg
2026-04-07T13:35:40.186+05:30 DEBUG 16988 --- [agriconnect-backend] [           main] org.hibernate.SQL                        : alter table if exists farmers add constraint UK5s6dxfdngshokstkf5s8s68gg unique (user_id)
Hibernate: alter table if exists farmers add constraint UK5s6dxfdngshokstkf5s8s68gg unique (user_id)
2026-04-07T13:35:40.186+05:30 DEBUG 16988 --- [agriconnect-backend] [           main] org.hibernate.SQL                        : alter table if exists farming_experts drop constraint if exists UKpe8nagspvr4fc1fi8ghxsydlv
Hibernate: alter table if exists farming_experts drop constraint if exists UKpe8nagspvr4fc1fi8ghxsydlv
2026-04-07T13:35:40.187+05:30 DEBUG 16988 --- [agriconnect-backend] [           main] org.hibernate.SQL                        : alter table if exists farming_experts add constraint UKpe8nagspvr4fc1fi8ghxsydlv unique (user_id)
Hibernate: alter table if exists farming_experts add constraint UKpe8nagspvr4fc1fi8ghxsydlv unique (user_id)
2026-04-07T13:35:40.187+05:30 DEBUG 16988 --- [agriconnect-backend] [           main] org.hibernate.SQL                        : alter table if exists app_orders add constraint FK65uqwk9tuv53q71id2a26m3p2 foreign key (buyer_id) references app_users
Hibernate: alter table if exists app_orders add constraint FK65uqwk9tuv53q71id2a26m3p2 foreign key (buyer_id) references app_users
2026-04-07T13:35:40.193+05:30 DEBUG 16988 --- [agriconnect-backend] [           main] org.hibernate.SQL                        : alter table if exists app_orders add constraint FKm86ggvcrxbm9kk2dglil01kky foreign key (product_id) references product
Hibernate: alter table if exists app_orders add constraint FKm86ggvcrxbm9kk2dglil01kky foreign key (product_id) references product
2026-04-07T13:35:40.194+05:30 DEBUG 16988 --- [agriconnect-backend] [           main] org.hibernate.SQL                        : alter table if exists farmers add constraint FKqq2o9lrlou41sfsb40d6q4q74 foreign key (user_id) references app_users
Hibernate: alter table if exists farmers add constraint FKqq2o9lrlou41sfsb40d6q4q74 foreign key (user_id) references app_users
2026-04-07T13:35:40.194+05:30 DEBUG 16988 --- [agriconnect-backend] [           main] org.hibernate.SQL                        : alter table if exists farming_experts add constraint FKgy3irsm78y69e0356bradjhil foreign key (user_id) references app_users
Hibernate: alter table if exists farming_experts add constraint FKgy3irsm78y69e0356bradjhil foreign key (user_id) references app_users
2026-04-07T13:35:40.196+05:30  INFO 16988 --- [agriconnect-backend] [           main] j.LocalContainerEntityManagerFactoryBean : Initialized JPA EntityManagerFactory for persistence unit 'default'
2026-04-07T13:35:40.255+05:30  INFO 16988 --- [agriconnect-backend] [           main] o.s.d.j.r.query.QueryEnhancerFactories   : Hibernate is in classpath; If applicable, HQL parser will be used.
2026-04-07T13:35:40.351+05:30 DEBUG 16988 --- [agriconnect-backend] [           main] org.hibernate.orm.core                   : HHH006588: Opening session [tenant=null]
2026-04-07T13:35:40.422+05:30 DEBUG 16988 --- [agriconnect-backend] [           main] org.hibernate.orm.core                   : HHH006588: Opening session [tenant=null]
2026-04-07T13:35:40.444+05:30  WARN 16988 --- [agriconnect-backend] [           main] JpaBaseConfiguration$JpaWebConfiguration : spring.jpa.open-in-view is enabled by default. Therefore, database queries may be performed during view rendering. Explicitly configure spring.jpa.open-in-view to disable this warning
2026-04-07T13:35:40.534+05:30 DEBUG 16988 --- [agriconnect-backend] [           main] s.w.s.m.m.a.RequestMappingHandlerMapping : 20 mappings in 'requestMappingHandlerMapping'
2026-04-07T13:35:40.552+05:30 DEBUG 16988 --- [agriconnect-backend] [           main] o.s.w.s.handler.SimpleUrlHandlerMapping  : Patterns [/webjars/**, /**] in 'resourceHandlerMapping'
2026-04-07T13:35:40.565+05:30 DEBUG 16988 --- [agriconnect-backend] [           main] s.w.s.m.m.a.RequestMappingHandlerAdapter : ControllerAdvice beans: 0 @ModelAttribute, 0 @InitBinder, 2 RequestBodyAdvice, 1 ResponseBodyAdvice
2026-04-07T13:35:40.592+05:30 DEBUG 16988 --- [agriconnect-backend] [           main] .m.m.a.ExceptionHandlerExceptionResolver : ControllerAdvice beans: 0 @ExceptionHandler, 1 ResponseBodyAdvice
2026-04-07T13:35:40.655+05:30  INFO 16988 --- [agriconnect-backend] [           main] o.s.boot.tomcat.TomcatWebServer          : Tomcat started on port 8080 (http) with context path '/'
2026-04-07T13:35:40.658+05:30  INFO 16988 --- [agriconnect-backend] [           main] c.a.AgriconnectBackendApplication        : Started AgriconnectBackendApplication in 3.088 seconds (process running for 3.349)
2026-04-07T13:35:40.834+05:30  INFO 16988 --- [agriconnect-backend] [nio-8080-exec-1] o.a.c.c.C.[Tomcat].[localhost].[/]       : Initializing Spring DispatcherServlet 'dispatcherServlet'
2026-04-07T13:35:40.834+05:30  INFO 16988 --- [agriconnect-backend] [nio-8080-exec-1] o.s.web.servlet.DispatcherServlet        : Initializing Servlet 'dispatcherServlet'
2026-04-07T13:35:40.834+05:30 DEBUG 16988 --- [agriconnect-backend] [nio-8080-exec-1] o.s.web.servlet.DispatcherServlet        : Detected StandardServletMultipartResolver
2026-04-07T13:35:40.834+05:30 DEBUG 16988 --- [agriconnect-backend] [nio-8080-exec-1] o.s.web.servlet.DispatcherServlet        : Detected AcceptHeaderLocaleResolver
2026-04-07T13:35:40.835+05:30 DEBUG 16988 --- [agriconnect-backend] [nio-8080-exec-1] o.s.web.servlet.DispatcherServlet        : Detected org.springframework.web.servlet.view.DefaultRequestToViewNameTranslator@60493524
2026-04-07T13:35:40.836+05:30 DEBUG 16988 --- [agriconnect-backend] [nio-8080-exec-1] o.s.web.servlet.DispatcherServlet        : Detected org.springframework.web.servlet.support.SessionFlashMapManager@71b6edfb
2026-04-07T13:35:40.836+05:30 DEBUG 16988 --- [agriconnect-backend] [nio-8080-exec-1] o.s.web.servlet.DispatcherServlet        : enableLoggingRequestDetails='false': request parameters and headers will be masked to prevent unsafe logging of potentially sensitive data
2026-04-07T13:35:40.836+05:30  INFO 16988 --- [agriconnect-backend] [nio-8080-exec-1] o.s.web.servlet.DispatcherServlet        : Completed initialization in 2 ms
2026-04-07T13:35:40.840+05:30 DEBUG 16988 --- [agriconnect-backend] [nio-8080-exec-1] o.s.web.servlet.DispatcherServlet        : GET "/users", parameters={}
2026-04-07T13:35:40.847+05:30 DEBUG 16988 --- [agriconnect-backend] [nio-8080-exec-1] s.w.s.m.m.a.RequestMappingHandlerMapping : Mapped to com.agriconnect.controller.UserController#getAllUsers()
2026-04-07T13:35:40.849+05:30 DEBUG 16988 --- [agriconnect-backend] [nio-8080-exec-1] o.s.web.servlet.DispatcherServlet        : Failed to complete request: java.lang.IllegalArgumentException: When allowCredentials is true, allowedOrigins cannot contain the special value "*" since that cannot be set on the "Access-Control-Allow-Origin" response header. To allow credentials to a set of origins, list them explicitly or consider using "allowedOriginPatterns" instead.
2026-04-07T13:35:40.849+05:30 ERROR 16988 --- [agriconnect-backend] [nio-8080-exec-1] o.a.c.c.C.[.[.[/].[dispatcherServlet]    : Servlet.service() for servlet [dispatcherServlet] in context with path [] threw exception [Request processing failed: java.lang.IllegalArgumentException: When allowCredentials is true, allowedOrigins cannot contain the special value "*" since that cannot be set on the "Access-Control-Allow-Origin" response header. To allow credentials to a set of origins, list them explicitly or consider using "allowedOriginPatterns" instead.] with root cause

java.lang.IllegalArgumentException: When allowCredentials is true, allowedOrigins cannot contain the special value "*" since that cannot be set on the "Access-Control-Allow-Origin" response header. To allow credentials to a set of origins, list them explicitly or consider using "allowedOriginPatterns" instead.
	at org.springframework.web.cors.CorsConfiguration.validateAllowCredentials(CorsConfiguration.java:552) ~[spring-web-7.0.6.jar:7.0.6]
	at org.springframework.web.servlet.handler.AbstractHandlerMapping.getHandler(AbstractHandlerMapping.java:584) ~[spring-webmvc-7.0.6.jar:7.0.6]
	at org.springframework.web.servlet.DispatcherServlet.getHandler(DispatcherServlet.java:1157) ~[spring-webmvc-7.0.6.jar:7.0.6]
	at org.springframework.web.servlet.DispatcherServlet.doDispatch(DispatcherServlet.java:951) ~[spring-webmvc-7.0.6.jar:7.0.6]
	at org.springframework.web.servlet.DispatcherServlet.doService(DispatcherServlet.java:866) ~[spring-webmvc-7.0.6.jar:7.0.6]
	at org.springframework.web.servlet.FrameworkServlet.processRequest(FrameworkServlet.java:1000) ~[spring-webmvc-7.0.6.jar:7.0.6]
	at org.springframework.web.servlet.FrameworkServlet.doGet(FrameworkServlet.java:892) ~[spring-webmvc-7.0.6.jar:7.0.6]
	at jakarta.servlet.http.HttpServlet.service(HttpServlet.java:622) ~[tomcat-embed-core-11.0.20.jar:6.1]
	at org.springframework.web.servlet.FrameworkServlet.service(FrameworkServlet.java:874) ~[spring-webmvc-7.0.6.jar:7.0.6]
	at jakarta.servlet.http.HttpServlet.service(HttpServlet.java:710) ~[tomcat-embed-core-11.0.20.jar:6.1]
	at org.apache.catalina.core.ApplicationFilterChain.doFilter(ApplicationFilterChain.java:128) ~[tomcat-embed-core-11.0.20.jar:11.0.20]
	at org.apache.tomcat.websocket.server.WsFilter.doFilter(WsFilter.java:53) ~[tomcat-embed-websocket-11.0.20.jar:11.0.20]
	at org.apache.catalina.core.ApplicationFilterChain.doFilter(ApplicationFilterChain.java:107) ~[tomcat-embed-core-11.0.20.jar:11.0.20]
	at org.springframework.web.filter.RequestContextFilter.doFilterInternal(RequestContextFilter.java:100) ~[spring-web-7.0.6.jar:7.0.6]
	at org.springframework.web.filter.OncePerRequestFilter.doFilter(OncePerRequestFilter.java:116) ~[spring-web-7.0.6.jar:7.0.6]
	at org.apache.catalina.core.ApplicationFilterChain.doFilter(ApplicationFilterChain.java:107) ~[tomcat-embed-core-11.0.20.jar:11.0.20]
	at org.springframework.web.filter.FormContentFilter.doFilterInternal(FormContentFilter.java:93) ~[spring-web-7.0.6.jar:7.0.6]
	at org.springframework.web.filter.OncePerRequestFilter.doFilter(OncePerRequestFilter.java:116) ~[spring-web-7.0.6.jar:7.0.6]
	at org.apache.catalina.core.ApplicationFilterChain.doFilter(ApplicationFilterChain.java:107) ~[tomcat-embed-core-11.0.20.jar:11.0.20]
	at org.springframework.web.filter.CharacterEncodingFilter.doFilterInternal(CharacterEncodingFilter.java:199) ~[spring-web-7.0.6.jar:7.0.6]
	at org.springframework.web.filter.OncePerRequestFilter.doFilter(OncePerRequestFilter.java:116) ~[spring-web-7.0.6.jar:7.0.6]
	at org.apache.catalina.core.ApplicationFilterChain.doFilter(ApplicationFilterChain.java:107) ~[tomcat-embed-core-11.0.20.jar:11.0.20]
	at org.apache.catalina.core.StandardWrapperValve.invoke(StandardWrapperValve.java:165) ~[tomcat-embed-core-11.0.20.jar:11.0.20]
	at org.apache.catalina.core.StandardContextValve.invoke(StandardContextValve.java:77) ~[tomcat-embed-core-11.0.20.jar:11.0.20]
	at org.apache.catalina.authenticator.AuthenticatorBase.invoke(AuthenticatorBase.java:492) ~[tomcat-embed-core-11.0.20.jar:11.0.20]
	at org.apache.catalina.core.StandardHostValve.invoke(StandardHostValve.java:113) ~[tomcat-embed-core-11.0.20.jar:11.0.20]
	at org.apache.catalina.valves.ErrorReportValve.invoke(ErrorReportValve.java:83) ~[tomcat-embed-core-11.0.20.jar:11.0.20]
	at org.apache.catalina.core.StandardEngineValve.invoke(StandardEngineValve.java:72) ~[tomcat-embed-core-11.0.20.jar:11.0.20]
	at org.apache.catalina.connector.CoyoteAdapter.service(CoyoteAdapter.java:341) ~[tomcat-embed-core-11.0.20.jar:11.0.20]
	at org.apache.coyote.http11.Http11Processor.service(Http11Processor.java:397) ~[tomcat-embed-core-11.0.20.jar:11.0.20]
	at org.apache.coyote.AbstractProcessorLight.process(AbstractProcessorLight.java:63) ~[tomcat-embed-core-11.0.20.jar:11.0.20]
	at org.apache.coyote.AbstractProtocol$ConnectionHandler.process(AbstractProtocol.java:903) ~[tomcat-embed-core-11.0.20.jar:11.0.20]
	at org.apache.tomcat.util.net.NioEndpoint$SocketProcessor.doRun(NioEndpoint.java:1779) ~[tomcat-embed-core-11.0.20.jar:11.0.20]
	at org.apache.tomcat.util.net.SocketProcessorBase.run(SocketProcessorBase.java:52) ~[tomcat-embed-core-11.0.20.jar:11.0.20]
	at org.apache.tomcat.util.threads.ThreadPoolExecutor.runWorker(ThreadPoolExecutor.java:946) ~[tomcat-embed-core-11.0.20.jar:11.0.20]
	at org.apache.tomcat.util.threads.ThreadPoolExecutor$Worker.run(ThreadPoolExecutor.java:480) ~[tomcat-embed-core-11.0.20.jar:11.0.20]
	at org.apache.tomcat.util.threads.TaskThread$WrappingRunnable.run(TaskThread.java:57) ~[tomcat-embed-core-11.0.20.jar:11.0.20]
	at java.base/java.lang.Thread.run(Thread.java:1474) ~[na:na]

2026-04-07T13:35:40.863+05:30 DEBUG 16988 --- [agriconnect-backend] [nio-8080-exec-1] o.s.web.servlet.DispatcherServlet        : "ERROR" dispatch for GET "/error", parameters={}
2026-04-07T13:35:40.864+05:30 DEBUG 16988 --- [agriconnect-backend] [nio-8080-exec-1] s.w.s.m.m.a.RequestMappingHandlerMapping : Mapped to org.springframework.boot.webmvc.autoconfigure.error.BasicErrorController#error(HttpServletRequest)
2026-04-07T13:35:40.864+05:30 DEBUG 16988 --- [agriconnect-backend] [nio-8080-exec-1] org.hibernate.orm.core                   : HHH006588: Opening session [tenant=null]
2026-04-07T13:35:40.881+05:30 DEBUG 16988 --- [agriconnect-backend] [nio-8080-exec-1] o.s.w.s.m.m.a.HttpEntityMethodProcessor  : Using 'application/json', given [*/*] and supported [application/json, application/*+json]
2026-04-07T13:35:40.882+05:30 DEBUG 16988 --- [agriconnect-backend] [nio-8080-exec-1] o.s.w.s.m.m.a.HttpEntityMethodProcessor  : Writing [{timestamp=Tue Apr 07 13:35:40 IST 2026, status=500, error=Internal Server Error, path=/users}]
2026-04-07T13:35:40.904+05:30 DEBUG 16988 --- [agriconnect-backend] [nio-8080-exec-1] o.s.web.servlet.DispatcherServlet        : Exiting from "ERROR" dispatch, status 500
[INFO] ------------------------------------------------------------------------
[INFO] BUILD FAILURE
[INFO] ------------------------------------------------------------------------
[INFO] Total time:  02:44 min
[INFO] Finished at: 2026-04-07T13:38:20+05:30
[INFO] ------------------------------------------------------------------------
[ERROR] Failed to execute goal org.springframework.boot:spring-boot-maven-plugin:4.0.5:run (default-cli) on project demo: Process terminated with exit code: 1 -> [Help 1]
[ERROR] 
[ERROR] To see the full stack trace of the errors, re-run Maven with the -e switch.
[ERROR] Re-run Maven using the -X switch to enable full debug logging.
[ERROR] 
[ERROR] For more information about the errors and possible solutions, please read the following articles:
[ERROR] [Help 1] http://cwiki.apache.org/confluence/display/MAVEN/MojoExecutionException
